[framework] 2020-09-22 10:46:39,191 - org.apache.ibatis.logging.LogFactory -0    [main] DEBUG org.apache.ibatis.logging.LogFactory  - Logging initialized using 'class org.apache.ibatis.logging.log4j.Log4jImpl' adapter.
[framework] 2020-09-22 10:46:39,193 - org.apache.ibatis.logging.LogFactory -2    [main] DEBUG org.apache.ibatis.logging.LogFactory  - Logging initialized using 'class org.apache.ibatis.logging.log4j.Log4jImpl' adapter.
[framework] 2020-09-22 10:46:39,212 - org.apache.ibatis.datasource.pooled.PooledDataSource -21   [main] DEBUG org.apache.ibatis.datasource.pooled.PooledDataSource  - PooledDataSource forcefully closed/removed all connections.
[framework] 2020-09-22 10:46:39,212 - org.apache.ibatis.datasource.pooled.PooledDataSource -21   [main] DEBUG org.apache.ibatis.datasource.pooled.PooledDataSource  - PooledDataSource forcefully closed/removed all connections.
[framework] 2020-09-22 10:46:39,212 - org.apache.ibatis.datasource.pooled.PooledDataSource -21   [main] DEBUG org.apache.ibatis.datasource.pooled.PooledDataSource  - PooledDataSource forcefully closed/removed all connections.
[framework] 2020-09-22 10:46:39,212 - org.apache.ibatis.datasource.pooled.PooledDataSource -21   [main] DEBUG org.apache.ibatis.datasource.pooled.PooledDataSource  - PooledDataSource forcefully closed/removed all connections.
[framework] 2020-09-22 10:46:39,264 - org.apache.ibatis.transaction.jdbc.JdbcTransaction -73   [main] DEBUG org.apache.ibatis.transaction.jdbc.JdbcTransaction  - Opening JDBC Connection
[framework] 2020-09-22 10:46:39,428 - org.apache.ibatis.datasource.pooled.PooledDataSource -237  [main] DEBUG org.apache.ibatis.datasource.pooled.PooledDataSource  - Created connection 1738236591.
[framework] 2020-09-22 10:46:39,428 - org.apache.ibatis.transaction.jdbc.JdbcTransaction -237  [main] DEBUG org.apache.ibatis.transaction.jdbc.JdbcTransaction  - Setting autocommit to false on JDBC Connection [com.mysql.jdbc.JDBC4Connection@679b62af]
[framework] 2020-09-22 10:46:39,432 - com.quincy.mapper.IUserMapper.getUserList -241  [main] DEBUG com.quincy.mapper.IUserMapper.getUserList  - ==>  Preparing: select * from mybatis.user; 
[framework] 2020-09-22 10:46:39,450 - com.quincy.mapper.IUserMapper.getUserList -259  [main] DEBUG com.quincy.mapper.IUserMapper.getUserList  - ==> Parameters: 
[framework] 2020-09-22 10:46:39,458 - com.quincy.mapper.IUserMapper.getUserList -267  [main] DEBUG com.quincy.mapper.IUserMapper.getUserList  - <==      Total: 6
[framework] 2020-09-22 10:46:39,459 - org.apache.ibatis.transaction.jdbc.JdbcTransaction -268  [main] DEBUG org.apache.ibatis.transaction.jdbc.JdbcTransaction  - Resetting autocommit to true on JDBC Connection [com.mysql.jdbc.JDBC4Connection@679b62af]
[framework] 2020-09-22 10:46:39,459 - org.apache.ibatis.transaction.jdbc.JdbcTransaction -268  [main] DEBUG org.apache.ibatis.transaction.jdbc.JdbcTransaction  - Closing JDBC Connection [com.mysql.jdbc.JDBC4Connection@679b62af]
[framework] 2020-09-22 10:46:39,459 - org.apache.ibatis.datasource.pooled.PooledDataSource -268  [main] DEBUG org.apache.ibatis.datasource.pooled.PooledDataSource  - Returned connection 1738236591 to pool.
[framework] 2020-09-22 10:47:06,919 - org.apache.ibatis.logging.LogFactory -0    [main] DEBUG org.apache.ibatis.logging.LogFactory  - Logging initialized using 'class org.apache.ibatis.logging.log4j.Log4jImpl' adapter.
[framework] 2020-09-22 10:47:06,922 - org.apache.ibatis.logging.LogFactory -3    [main] DEBUG org.apache.ibatis.logging.LogFactory  - Logging initialized using 'class org.apache.ibatis.logging.log4j.Log4jImpl' adapter.
[framework] 2020-09-22 10:47:06,940 - org.apache.ibatis.datasource.pooled.PooledDataSource -21   [main] DEBUG org.apache.ibatis.datasource.pooled.PooledDataSource  - PooledDataSource forcefully closed/removed all connections.
[framework] 2020-09-22 10:47:06,940 - org.apache.ibatis.datasource.pooled.PooledDataSource -21   [main] DEBUG org.apache.ibatis.datasource.pooled.PooledDataSource  - PooledDataSource forcefully closed/removed all connections.
[framework] 2020-09-22 10:47:06,940 - org.apache.ibatis.datasource.pooled.PooledDataSource -21   [main] DEBUG org.apache.ibatis.datasource.pooled.PooledDataSource  - PooledDataSource forcefully closed/removed all connections.
[framework] 2020-09-22 10:47:06,940 - org.apache.ibatis.datasource.pooled.PooledDataSource -21   [main] DEBUG org.apache.ibatis.datasource.pooled.PooledDataSource  - PooledDataSource forcefully closed/removed all connections.
[framework] 2020-09-22 10:47:06,992 - org.apache.ibatis.transaction.jdbc.JdbcTransaction -73   [main] DEBUG org.apache.ibatis.transaction.jdbc.JdbcTransaction  - Opening JDBC Connection
[framework] 2020-09-22 10:47:07,180 - org.apache.ibatis.datasource.pooled.PooledDataSource -261  [main] DEBUG org.apache.ibatis.datasource.pooled.PooledDataSource  - Created connection 1738236591.
[framework] 2020-09-22 10:47:07,180 - org.apache.ibatis.transaction.jdbc.JdbcTransaction -261  [main] DEBUG org.apache.ibatis.transaction.jdbc.JdbcTransaction  - Setting autocommit to false on JDBC Connection [com.mysql.jdbc.JDBC4Connection@679b62af]
[framework] 2020-09-22 10:47:07,186 - com.quincy.mapper.IUserMapper.getUserList -267  [main] DEBUG com.quincy.mapper.IUserMapper.getUserList  - ==>  Preparing: select * from mybatis.user; 
[framework] 2020-09-22 10:47:07,209 - com.quincy.mapper.IUserMapper.getUserList -290  [main] DEBUG com.quincy.mapper.IUserMapper.getUserList  - ==> Parameters: 
[framework] 2020-09-22 10:47:07,220 - com.quincy.mapper.IUserMapper.getUserList -301  [main] DEBUG com.quincy.mapper.IUserMapper.getUserList  - <==      Total: 6
[framework] 2020-09-22 10:47:07,221 - org.apache.ibatis.transaction.jdbc.JdbcTransaction -302  [main] DEBUG org.apache.ibatis.transaction.jdbc.JdbcTransaction  - Resetting autocommit to true on JDBC Connection [com.mysql.jdbc.JDBC4Connection@679b62af]
[framework] 2020-09-22 10:47:07,221 - org.apache.ibatis.transaction.jdbc.JdbcTransaction -302  [main] DEBUG org.apache.ibatis.transaction.jdbc.JdbcTransaction  - Closing JDBC Connection [com.mysql.jdbc.JDBC4Connection@679b62af]
[framework] 2020-09-22 10:47:07,221 - org.apache.ibatis.datasource.pooled.PooledDataSource -302  [main] DEBUG org.apache.ibatis.datasource.pooled.PooledDataSource  - Returned connection 1738236591 to pool.
[framework] 2020-09-22 10:55:03,909 - com.quincy.mapper.IUserMapperTest -0    [main] INFO  com.quincy.mapper.IUserMapperTest  - info:info messages
[framework] 2020-09-22 10:55:03,912 - com.quincy.mapper.IUserMapperTest -3    [main] DEBUG com.quincy.mapper.IUserMapperTest  - debug:debug messages
[framework] 2020-09-22 10:55:03,912 - com.quincy.mapper.IUserMapperTest -3    [main] ERROR com.quincy.mapper.IUserMapperTest  - error:error messages
[framework] 2020-09-22 11:18:53,207 - org.apache.ibatis.logging.LogFactory -0    [main] DEBUG org.apache.ibatis.logging.LogFactory  - Logging initialized using 'class org.apache.ibatis.logging.log4j.Log4jImpl' adapter.
[framework] 2020-09-22 11:18:53,209 - org.apache.ibatis.logging.LogFactory -2    [main] DEBUG org.apache.ibatis.logging.LogFactory  - Logging initialized using 'class org.apache.ibatis.logging.log4j.Log4jImpl' adapter.
[framework] 2020-09-22 11:18:53,227 - org.apache.ibatis.datasource.pooled.PooledDataSource -20   [main] DEBUG org.apache.ibatis.datasource.pooled.PooledDataSource  - PooledDataSource forcefully closed/removed all connections.
[framework] 2020-09-22 11:18:53,227 - org.apache.ibatis.datasource.pooled.PooledDataSource -20   [main] DEBUG org.apache.ibatis.datasource.pooled.PooledDataSource  - PooledDataSource forcefully closed/removed all connections.
[framework] 2020-09-22 11:18:53,228 - org.apache.ibatis.datasource.pooled.PooledDataSource -21   [main] DEBUG org.apache.ibatis.datasource.pooled.PooledDataSource  - PooledDataSource forcefully closed/removed all connections.
[framework] 2020-09-22 11:18:53,228 - org.apache.ibatis.datasource.pooled.PooledDataSource -21   [main] DEBUG org.apache.ibatis.datasource.pooled.PooledDataSource  - PooledDataSource forcefully closed/removed all connections.
[framework] 2020-09-22 11:18:53,291 - org.apache.ibatis.transaction.jdbc.JdbcTransaction -84   [main] DEBUG org.apache.ibatis.transaction.jdbc.JdbcTransaction  - Opening JDBC Connection
[framework] 2020-09-22 11:18:53,462 - org.apache.ibatis.datasource.pooled.PooledDataSource -255  [main] DEBUG org.apache.ibatis.datasource.pooled.PooledDataSource  - Created connection 599491651.
[framework] 2020-09-22 11:18:53,463 - org.apache.ibatis.transaction.jdbc.JdbcTransaction -256  [main] DEBUG org.apache.ibatis.transaction.jdbc.JdbcTransaction  - Setting autocommit to false on JDBC Connection [com.mysql.jdbc.JDBC4Connection@23bb8443]
[framework] 2020-09-22 11:18:53,465 - com.quincy.mapper.IUserMapper.getUserByLimit -258  [main] DEBUG com.quincy.mapper.IUserMapper.getUserByLimit  - ==>  Preparing: select * from user limit ?,?; 
[framework] 2020-09-22 11:18:53,486 - com.quincy.mapper.IUserMapper.getUserByLimit -279  [main] DEBUG com.quincy.mapper.IUserMapper.getUserByLimit  - ==> Parameters: 0(Integer), 2(Integer)
[framework] 2020-09-22 11:18:53,503 - com.quincy.mapper.IUserMapper.getUserByLimit -296  [main] DEBUG com.quincy.mapper.IUserMapper.getUserByLimit  - <==      Total: 2
[framework] 2020-09-22 11:18:53,503 - org.apache.ibatis.transaction.jdbc.JdbcTransaction -296  [main] DEBUG org.apache.ibatis.transaction.jdbc.JdbcTransaction  - Resetting autocommit to true on JDBC Connection [com.mysql.jdbc.JDBC4Connection@23bb8443]
[framework] 2020-09-22 11:18:53,504 - org.apache.ibatis.transaction.jdbc.JdbcTransaction -297  [main] DEBUG org.apache.ibatis.transaction.jdbc.JdbcTransaction  - Closing JDBC Connection [com.mysql.jdbc.JDBC4Connection@23bb8443]
[framework] 2020-09-22 11:18:53,504 - org.apache.ibatis.datasource.pooled.PooledDataSource -297  [main] DEBUG org.apache.ibatis.datasource.pooled.PooledDataSource  - Returned connection 599491651 to pool.
[framework] 2020-09-22 11:19:13,405 - org.apache.ibatis.logging.LogFactory -0    [main] DEBUG org.apache.ibatis.logging.LogFactory  - Logging initialized using 'class org.apache.ibatis.logging.log4j.Log4jImpl' adapter.
[framework] 2020-09-22 11:19:13,407 - org.apache.ibatis.logging.LogFactory -2    [main] DEBUG org.apache.ibatis.logging.LogFactory  - Logging initialized using 'class org.apache.ibatis.logging.log4j.Log4jImpl' adapter.
[framework] 2020-09-22 11:19:13,426 - org.apache.ibatis.datasource.pooled.PooledDataSource -21   [main] DEBUG org.apache.ibatis.datasource.pooled.PooledDataSource  - PooledDataSource forcefully closed/removed all connections.
[framework] 2020-09-22 11:19:13,426 - org.apache.ibatis.datasource.pooled.PooledDataSource -21   [main] DEBUG org.apache.ibatis.datasource.pooled.PooledDataSource  - PooledDataSource forcefully closed/removed all connections.
[framework] 2020-09-22 11:19:13,426 - org.apache.ibatis.datasource.pooled.PooledDataSource -21   [main] DEBUG org.apache.ibatis.datasource.pooled.PooledDataSource  - PooledDataSource forcefully closed/removed all connections.
[framework] 2020-09-22 11:19:13,426 - org.apache.ibatis.datasource.pooled.PooledDataSource -21   [main] DEBUG org.apache.ibatis.datasource.pooled.PooledDataSource  - PooledDataSource forcefully closed/removed all connections.
[framework] 2020-09-22 11:19:13,481 - org.apache.ibatis.transaction.jdbc.JdbcTransaction -76   [main] DEBUG org.apache.ibatis.transaction.jdbc.JdbcTransaction  - Opening JDBC Connection
[framework] 2020-09-22 11:19:13,642 - org.apache.ibatis.datasource.pooled.PooledDataSource -237  [main] DEBUG org.apache.ibatis.datasource.pooled.PooledDataSource  - Created connection 599491651.
[framework] 2020-09-22 11:19:13,642 - org.apache.ibatis.transaction.jdbc.JdbcTransaction -237  [main] DEBUG org.apache.ibatis.transaction.jdbc.JdbcTransaction  - Setting autocommit to false on JDBC Connection [com.mysql.jdbc.JDBC4Connection@23bb8443]
[framework] 2020-09-22 11:19:13,645 - com.quincy.mapper.IUserMapper.getUserByLimit -240  [main] DEBUG com.quincy.mapper.IUserMapper.getUserByLimit  - ==>  Preparing: select * from user limit ?,?; 
[framework] 2020-09-22 11:19:13,667 - com.quincy.mapper.IUserMapper.getUserByLimit -262  [main] DEBUG com.quincy.mapper.IUserMapper.getUserByLimit  - ==> Parameters: 2(Integer), 2(Integer)
[framework] 2020-09-22 11:19:13,677 - com.quincy.mapper.IUserMapper.getUserByLimit -272  [main] DEBUG com.quincy.mapper.IUserMapper.getUserByLimit  - <==      Total: 2
[framework] 2020-09-22 11:19:13,678 - org.apache.ibatis.transaction.jdbc.JdbcTransaction -273  [main] DEBUG org.apache.ibatis.transaction.jdbc.JdbcTransaction  - Resetting autocommit to true on JDBC Connection [com.mysql.jdbc.JDBC4Connection@23bb8443]
[framework] 2020-09-22 11:19:13,678 - org.apache.ibatis.transaction.jdbc.JdbcTransaction -273  [main] DEBUG org.apache.ibatis.transaction.jdbc.JdbcTransaction  - Closing JDBC Connection [com.mysql.jdbc.JDBC4Connection@23bb8443]
[framework] 2020-09-22 11:19:13,678 - org.apache.ibatis.datasource.pooled.PooledDataSource -273  [main] DEBUG org.apache.ibatis.datasource.pooled.PooledDataSource  - Returned connection 599491651 to pool.
[framework] 2020-09-22 11:22:43,319 - org.apache.ibatis.logging.LogFactory -0    [main] DEBUG org.apache.ibatis.logging.LogFactory  - Logging initialized using 'class org.apache.ibatis.logging.log4j.Log4jImpl' adapter.
[framework] 2020-09-22 11:22:43,322 - org.apache.ibatis.logging.LogFactory -3    [main] DEBUG org.apache.ibatis.logging.LogFactory  - Logging initialized using 'class org.apache.ibatis.logging.log4j.Log4jImpl' adapter.
[framework] 2020-09-22 11:22:43,339 - org.apache.ibatis.datasource.pooled.PooledDataSource -20   [main] DEBUG org.apache.ibatis.datasource.pooled.PooledDataSource  - PooledDataSource forcefully closed/removed all connections.
[framework] 2020-09-22 11:22:43,339 - org.apache.ibatis.datasource.pooled.PooledDataSource -20   [main] DEBUG org.apache.ibatis.datasource.pooled.PooledDataSource  - PooledDataSource forcefully closed/removed all connections.
[framework] 2020-09-22 11:22:43,340 - org.apache.ibatis.datasource.pooled.PooledDataSource -21   [main] DEBUG org.apache.ibatis.datasource.pooled.PooledDataSource  - PooledDataSource forcefully closed/removed all connections.
[framework] 2020-09-22 11:22:43,340 - org.apache.ibatis.datasource.pooled.PooledDataSource -21   [main] DEBUG org.apache.ibatis.datasource.pooled.PooledDataSource  - PooledDataSource forcefully closed/removed all connections.
[framework] 2020-09-22 11:22:43,393 - org.apache.ibatis.transaction.jdbc.JdbcTransaction -74   [main] DEBUG org.apache.ibatis.transaction.jdbc.JdbcTransaction  - Opening JDBC Connection
[framework] 2020-09-22 11:22:43,553 - org.apache.ibatis.datasource.pooled.PooledDataSource -234  [main] DEBUG org.apache.ibatis.datasource.pooled.PooledDataSource  - Created connection 599491651.
[framework] 2020-09-22 11:22:43,554 - org.apache.ibatis.transaction.jdbc.JdbcTransaction -235  [main] DEBUG org.apache.ibatis.transaction.jdbc.JdbcTransaction  - Setting autocommit to false on JDBC Connection [com.mysql.jdbc.JDBC4Connection@23bb8443]
[framework] 2020-09-22 11:22:43,557 - com.quincy.mapper.IUserMapper.getUserByLimit -238  [main] DEBUG com.quincy.mapper.IUserMapper.getUserByLimit  - ==>  Preparing: select * from user limit ?,?; 
[framework] 2020-09-22 11:22:43,573 - com.quincy.mapper.IUserMapper.getUserByLimit -254  [main] DEBUG com.quincy.mapper.IUserMapper.getUserByLimit  - ==> Parameters: 1(Integer), 2(Integer)
[framework] 2020-09-22 11:22:43,584 - com.quincy.mapper.IUserMapper.getUserByLimit -265  [main] DEBUG com.quincy.mapper.IUserMapper.getUserByLimit  - <==      Total: 2
[framework] 2020-09-22 11:22:43,584 - org.apache.ibatis.transaction.jdbc.JdbcTransaction -265  [main] DEBUG org.apache.ibatis.transaction.jdbc.JdbcTransaction  - Resetting autocommit to true on JDBC Connection [com.mysql.jdbc.JDBC4Connection@23bb8443]
[framework] 2020-09-22 11:22:43,585 - org.apache.ibatis.transaction.jdbc.JdbcTransaction -266  [main] DEBUG org.apache.ibatis.transaction.jdbc.JdbcTransaction  - Closing JDBC Connection [com.mysql.jdbc.JDBC4Connection@23bb8443]
[framework] 2020-09-22 11:22:43,585 - org.apache.ibatis.datasource.pooled.PooledDataSource -266  [main] DEBUG org.apache.ibatis.datasource.pooled.PooledDataSource  - Returned connection 599491651 to pool.
[framework] 2020-09-22 12:20:30,777 - org.apache.ibatis.logging.LogFactory -0    [main] DEBUG org.apache.ibatis.logging.LogFactory  - Logging initialized using 'class org.apache.ibatis.logging.log4j.Log4jImpl' adapter.
[framework] 2020-09-22 12:20:30,779 - org.apache.ibatis.logging.LogFactory -2    [main] DEBUG org.apache.ibatis.logging.LogFactory  - Logging initialized using 'class org.apache.ibatis.logging.log4j.Log4jImpl' adapter.
[framework] 2020-09-22 12:20:30,797 - org.apache.ibatis.datasource.pooled.PooledDataSource -20   [main] DEBUG org.apache.ibatis.datasource.pooled.PooledDataSource  - PooledDataSource forcefully closed/removed all connections.
[framework] 2020-09-22 12:20:30,797 - org.apache.ibatis.datasource.pooled.PooledDataSource -20   [main] DEBUG org.apache.ibatis.datasource.pooled.PooledDataSource  - PooledDataSource forcefully closed/removed all connections.
[framework] 2020-09-22 12:20:30,797 - org.apache.ibatis.datasource.pooled.PooledDataSource -20   [main] DEBUG org.apache.ibatis.datasource.pooled.PooledDataSource  - PooledDataSource forcefully closed/removed all connections.
[framework] 2020-09-22 12:20:30,797 - org.apache.ibatis.datasource.pooled.PooledDataSource -20   [main] DEBUG org.apache.ibatis.datasource.pooled.PooledDataSource  - PooledDataSource forcefully closed/removed all connections.
[framework] 2020-09-22 12:20:30,849 - org.apache.ibatis.transaction.jdbc.JdbcTransaction -72   [main] DEBUG org.apache.ibatis.transaction.jdbc.JdbcTransaction  - Opening JDBC Connection
[framework] 2020-09-22 12:20:31,020 - org.apache.ibatis.datasource.pooled.PooledDataSource -243  [main] DEBUG org.apache.ibatis.datasource.pooled.PooledDataSource  - Created connection 1738236591.
[framework] 2020-09-22 12:20:31,020 - org.apache.ibatis.transaction.jdbc.JdbcTransaction -243  [main] DEBUG org.apache.ibatis.transaction.jdbc.JdbcTransaction  - Setting autocommit to false on JDBC Connection [com.mysql.jdbc.JDBC4Connection@679b62af]
[framework] 2020-09-22 12:20:31,026 - com.quincy.mapper.IUserMapper.getUserByRowBounds -249  [main] DEBUG com.quincy.mapper.IUserMapper.getUserByRowBounds  - ==>  Preparing: select * from user; 
[framework] 2020-09-22 12:20:31,048 - com.quincy.mapper.IUserMapper.getUserByRowBounds -271  [main] DEBUG com.quincy.mapper.IUserMapper.getUserByRowBounds  - ==> Parameters: 
[framework] 2020-09-22 12:20:31,060 - com.quincy.mapper.IUserMapper.getUserByRowBounds -283  [main] DEBUG com.quincy.mapper.IUserMapper.getUserByRowBounds  - <==      Total: 6
[framework] 2020-09-22 12:20:31,061 - org.apache.ibatis.transaction.jdbc.JdbcTransaction -284  [main] DEBUG org.apache.ibatis.transaction.jdbc.JdbcTransaction  - Resetting autocommit to true on JDBC Connection [com.mysql.jdbc.JDBC4Connection@679b62af]
[framework] 2020-09-22 12:20:31,061 - org.apache.ibatis.transaction.jdbc.JdbcTransaction -284  [main] DEBUG org.apache.ibatis.transaction.jdbc.JdbcTransaction  - Closing JDBC Connection [com.mysql.jdbc.JDBC4Connection@679b62af]
[framework] 2020-09-22 12:20:31,061 - org.apache.ibatis.datasource.pooled.PooledDataSource -284  [main] DEBUG org.apache.ibatis.datasource.pooled.PooledDataSource  - Returned connection 1738236591 to pool.
[framework] 2020-09-22 12:22:18,203 - org.apache.ibatis.logging.LogFactory -0    [main] DEBUG org.apache.ibatis.logging.LogFactory  - Logging initialized using 'class org.apache.ibatis.logging.log4j.Log4jImpl' adapter.
[framework] 2020-09-22 12:22:18,206 - org.apache.ibatis.logging.LogFactory -3    [main] DEBUG org.apache.ibatis.logging.LogFactory  - Logging initialized using 'class org.apache.ibatis.logging.log4j.Log4jImpl' adapter.
[framework] 2020-09-22 12:22:18,223 - org.apache.ibatis.datasource.pooled.PooledDataSource -20   [main] DEBUG org.apache.ibatis.datasource.pooled.PooledDataSource  - PooledDataSource forcefully closed/removed all connections.
[framework] 2020-09-22 12:22:18,223 - org.apache.ibatis.datasource.pooled.PooledDataSource -20   [main] DEBUG org.apache.ibatis.datasource.pooled.PooledDataSource  - PooledDataSource forcefully closed/removed all connections.
[framework] 2020-09-22 12:22:18,224 - org.apache.ibatis.datasource.pooled.PooledDataSource -21   [main] DEBUG org.apache.ibatis.datasource.pooled.PooledDataSource  - PooledDataSource forcefully closed/removed all connections.
[framework] 2020-09-22 12:22:18,224 - org.apache.ibatis.datasource.pooled.PooledDataSource -21   [main] DEBUG org.apache.ibatis.datasource.pooled.PooledDataSource  - PooledDataSource forcefully closed/removed all connections.
[framework] 2020-09-22 12:22:18,273 - org.apache.ibatis.transaction.jdbc.JdbcTransaction -70   [main] DEBUG org.apache.ibatis.transaction.jdbc.JdbcTransaction  - Opening JDBC Connection
[framework] 2020-09-22 12:22:18,428 - org.apache.ibatis.datasource.pooled.PooledDataSource -225  [main] DEBUG org.apache.ibatis.datasource.pooled.PooledDataSource  - Created connection 1738236591.
[framework] 2020-09-22 12:22:18,429 - org.apache.ibatis.transaction.jdbc.JdbcTransaction -226  [main] DEBUG org.apache.ibatis.transaction.jdbc.JdbcTransaction  - Setting autocommit to false on JDBC Connection [com.mysql.jdbc.JDBC4Connection@679b62af]
[framework] 2020-09-22 12:22:18,433 - com.quincy.mapper.IUserMapper.getUserByRowBounds -230  [main] DEBUG com.quincy.mapper.IUserMapper.getUserByRowBounds  - ==>  Preparing: select * from user; 
[framework] 2020-09-22 12:22:18,450 - com.quincy.mapper.IUserMapper.getUserByRowBounds -247  [main] DEBUG com.quincy.mapper.IUserMapper.getUserByRowBounds  - ==> Parameters: 
[framework] 2020-09-22 12:22:18,459 - org.apache.ibatis.transaction.jdbc.JdbcTransaction -256  [main] DEBUG org.apache.ibatis.transaction.jdbc.JdbcTransaction  - Resetting autocommit to true on JDBC Connection [com.mysql.jdbc.JDBC4Connection@679b62af]
[framework] 2020-09-22 12:22:18,459 - org.apache.ibatis.transaction.jdbc.JdbcTransaction -256  [main] DEBUG org.apache.ibatis.transaction.jdbc.JdbcTransaction  - Closing JDBC Connection [com.mysql.jdbc.JDBC4Connection@679b62af]
[framework] 2020-09-22 12:22:18,460 - org.apache.ibatis.datasource.pooled.PooledDataSource -257  [main] DEBUG org.apache.ibatis.datasource.pooled.PooledDataSource  - Returned connection 1738236591 to pool.
[framework] 2020-09-22 12:46:54,141 - org.apache.ibatis.logging.LogFactory -0    [main] DEBUG org.apache.ibatis.logging.LogFactory  - Logging initialized using 'class org.apache.ibatis.logging.log4j.Log4jImpl' adapter.
[framework] 2020-09-22 12:46:54,143 - org.apache.ibatis.logging.LogFactory -2    [main] DEBUG org.apache.ibatis.logging.LogFactory  - Logging initialized using 'class org.apache.ibatis.logging.log4j.Log4jImpl' adapter.
[framework] 2020-09-22 12:46:54,162 - org.apache.ibatis.datasource.pooled.PooledDataSource -21   [main] DEBUG org.apache.ibatis.datasource.pooled.PooledDataSource  - PooledDataSource forcefully closed/removed all connections.
[framework] 2020-09-22 12:46:54,162 - org.apache.ibatis.datasource.pooled.PooledDataSource -21   [main] DEBUG org.apache.ibatis.datasource.pooled.PooledDataSource  - PooledDataSource forcefully closed/removed all connections.
[framework] 2020-09-22 12:46:54,162 - org.apache.ibatis.datasource.pooled.PooledDataSource -21   [main] DEBUG org.apache.ibatis.datasource.pooled.PooledDataSource  - PooledDataSource forcefully closed/removed all connections.
[framework] 2020-09-22 12:46:54,163 - org.apache.ibatis.datasource.pooled.PooledDataSource -22   [main] DEBUG org.apache.ibatis.datasource.pooled.PooledDataSource  - PooledDataSource forcefully closed/removed all connections.
[framework] 2020-09-22 12:46:54,211 - org.apache.ibatis.transaction.jdbc.JdbcTransaction -70   [main] DEBUG org.apache.ibatis.transaction.jdbc.JdbcTransaction  - Opening JDBC Connection
[framework] 2020-09-22 12:46:54,372 - org.apache.ibatis.datasource.pooled.PooledDataSource -231  [main] DEBUG org.apache.ibatis.datasource.pooled.PooledDataSource  - Created connection 1738236591.
[framework] 2020-09-22 12:46:54,372 - org.apache.ibatis.transaction.jdbc.JdbcTransaction -231  [main] DEBUG org.apache.ibatis.transaction.jdbc.JdbcTransaction  - Setting autocommit to false on JDBC Connection [com.mysql.jdbc.JDBC4Connection@679b62af]
[framework] 2020-09-22 12:46:54,378 - com.quincy.mapper.IUserMapper.getUserByRowBounds -237  [main] DEBUG com.quincy.mapper.IUserMapper.getUserByRowBounds  - ==>  Preparing: select * from user; 
[framework] 2020-09-22 12:46:54,394 - com.quincy.mapper.IUserMapper.getUserByRowBounds -253  [main] DEBUG com.quincy.mapper.IUserMapper.getUserByRowBounds  - ==> Parameters: 
[framework] 2020-09-22 12:46:54,403 - org.apache.ibatis.transaction.jdbc.JdbcTransaction -262  [main] DEBUG org.apache.ibatis.transaction.jdbc.JdbcTransaction  - Resetting autocommit to true on JDBC Connection [com.mysql.jdbc.JDBC4Connection@679b62af]
[framework] 2020-09-22 12:46:54,403 - org.apache.ibatis.transaction.jdbc.JdbcTransaction -262  [main] DEBUG org.apache.ibatis.transaction.jdbc.JdbcTransaction  - Closing JDBC Connection [com.mysql.jdbc.JDBC4Connection@679b62af]
[framework] 2020-09-22 12:46:54,404 - org.apache.ibatis.datasource.pooled.PooledDataSource -263  [main] DEBUG org.apache.ibatis.datasource.pooled.PooledDataSource  - Returned connection 1738236591 to pool.
[framework] 2020-09-22 13:00:59,516 - com.quincy.mapper.IUserMapperTest -0    [main] INFO  com.quincy.mapper.IUserMapperTest  - info:info messages
[framework] 2020-09-22 13:00:59,518 - com.quincy.mapper.IUserMapperTest -2    [main] DEBUG com.quincy.mapper.IUserMapperTest  - debug:debug messages
[framework] 2020-09-22 13:00:59,518 - com.quincy.mapper.IUserMapperTest -2    [main] ERROR com.quincy.mapper.IUserMapperTest  - error:error messages
[framework] 2020-09-23 09:38:58,913 - org.apache.ibatis.logging.LogFactory -0    [main] DEBUG org.apache.ibatis.logging.LogFactory  - Logging initialized using 'class org.apache.ibatis.logging.log4j.Log4jImpl' adapter.
[framework] 2020-09-23 09:38:58,928 - org.apache.ibatis.logging.LogFactory -15   [main] DEBUG org.apache.ibatis.logging.LogFactory  - Logging initialized using 'class org.apache.ibatis.logging.log4j.Log4jImpl' adapter.
[framework] 2020-09-23 09:38:58,964 - org.apache.ibatis.datasource.pooled.PooledDataSource -51   [main] DEBUG org.apache.ibatis.datasource.pooled.PooledDataSource  - PooledDataSource forcefully closed/removed all connections.
[framework] 2020-09-23 09:38:58,964 - org.apache.ibatis.datasource.pooled.PooledDataSource -51   [main] DEBUG org.apache.ibatis.datasource.pooled.PooledDataSource  - PooledDataSource forcefully closed/removed all connections.
[framework] 2020-09-23 09:38:58,964 - org.apache.ibatis.datasource.pooled.PooledDataSource -51   [main] DEBUG org.apache.ibatis.datasource.pooled.PooledDataSource  - PooledDataSource forcefully closed/removed all connections.
[framework] 2020-09-23 09:38:58,965 - org.apache.ibatis.datasource.pooled.PooledDataSource -52   [main] DEBUG org.apache.ibatis.datasource.pooled.PooledDataSource  - PooledDataSource forcefully closed/removed all connections.
[framework] 2020-09-23 09:38:59,014 - org.apache.ibatis.transaction.jdbc.JdbcTransaction -101  [main] DEBUG org.apache.ibatis.transaction.jdbc.JdbcTransaction  - Opening JDBC Connection
[framework] 2020-09-23 09:38:59,177 - org.apache.ibatis.datasource.pooled.PooledDataSource -264  [main] DEBUG org.apache.ibatis.datasource.pooled.PooledDataSource  - Created connection 1738236591.
[framework] 2020-09-23 09:38:59,177 - org.apache.ibatis.transaction.jdbc.JdbcTransaction -264  [main] DEBUG org.apache.ibatis.transaction.jdbc.JdbcTransaction  - Setting autocommit to false on JDBC Connection [com.mysql.jdbc.JDBC4Connection@679b62af]
[framework] 2020-09-23 09:38:59,182 - com.quincy.mapper.IUserMapper.getUserList -269  [main] DEBUG com.quincy.mapper.IUserMapper.getUserList  - ==>  Preparing: select * from mybatis.user; 
[framework] 2020-09-23 09:38:59,198 - com.quincy.mapper.IUserMapper.getUserList -285  [main] DEBUG com.quincy.mapper.IUserMapper.getUserList  - ==> Parameters: 
[framework] 2020-09-23 09:38:59,208 - com.quincy.mapper.IUserMapper.getUserList -295  [main] DEBUG com.quincy.mapper.IUserMapper.getUserList  - <==      Total: 6
[framework] 2020-09-23 09:38:59,213 - org.apache.ibatis.transaction.jdbc.JdbcTransaction -300  [main] DEBUG org.apache.ibatis.transaction.jdbc.JdbcTransaction  - Resetting autocommit to true on JDBC Connection [com.mysql.jdbc.JDBC4Connection@679b62af]
[framework] 2020-09-23 09:38:59,214 - org.apache.ibatis.transaction.jdbc.JdbcTransaction -301  [main] DEBUG org.apache.ibatis.transaction.jdbc.JdbcTransaction  - Closing JDBC Connection [com.mysql.jdbc.JDBC4Connection@679b62af]
[framework] 2020-09-23 09:38:59,214 - org.apache.ibatis.datasource.pooled.PooledDataSource -301  [main] DEBUG org.apache.ibatis.datasource.pooled.PooledDataSource  - Returned connection 1738236591 to pool.
[framework] 2020-09-23 09:47:50,581 - org.apache.ibatis.logging.LogFactory -0    [main] DEBUG org.apache.ibatis.logging.LogFactory  - Logging initialized using 'class org.apache.ibatis.logging.log4j.Log4jImpl' adapter.
[framework] 2020-09-23 09:47:50,583 - org.apache.ibatis.logging.LogFactory -2    [main] DEBUG org.apache.ibatis.logging.LogFactory  - Logging initialized using 'class org.apache.ibatis.logging.log4j.Log4jImpl' adapter.
[framework] 2020-09-23 09:47:50,598 - org.apache.ibatis.datasource.pooled.PooledDataSource -17   [main] DEBUG org.apache.ibatis.datasource.pooled.PooledDataSource  - PooledDataSource forcefully closed/removed all connections.
[framework] 2020-09-23 09:47:50,599 - org.apache.ibatis.datasource.pooled.PooledDataSource -18   [main] DEBUG org.apache.ibatis.datasource.pooled.PooledDataSource  - PooledDataSource forcefully closed/removed all connections.
[framework] 2020-09-23 09:47:50,599 - org.apache.ibatis.datasource.pooled.PooledDataSource -18   [main] DEBUG org.apache.ibatis.datasource.pooled.PooledDataSource  - PooledDataSource forcefully closed/removed all connections.
[framework] 2020-09-23 09:47:50,599 - org.apache.ibatis.datasource.pooled.PooledDataSource -18   [main] DEBUG org.apache.ibatis.datasource.pooled.PooledDataSource  - PooledDataSource forcefully closed/removed all connections.
[framework] 2020-09-23 09:47:50,652 - org.apache.ibatis.transaction.jdbc.JdbcTransaction -71   [main] DEBUG org.apache.ibatis.transaction.jdbc.JdbcTransaction  - Opening JDBC Connection
[framework] 2020-09-23 09:47:50,822 - org.apache.ibatis.datasource.pooled.PooledDataSource -241  [main] DEBUG org.apache.ibatis.datasource.pooled.PooledDataSource  - Created connection 1738236591.
[framework] 2020-09-23 09:47:50,822 - org.apache.ibatis.transaction.jdbc.JdbcTransaction -241  [main] DEBUG org.apache.ibatis.transaction.jdbc.JdbcTransaction  - Setting autocommit to false on JDBC Connection [com.mysql.jdbc.JDBC4Connection@679b62af]
[framework] 2020-09-23 09:47:50,827 - com.quincy.mapper.IUserMapper.getUserList -246  [main] DEBUG com.quincy.mapper.IUserMapper.getUserList  - ==>  Preparing: select * from mybatis.user; 
[framework] 2020-09-23 09:47:50,849 - com.quincy.mapper.IUserMapper.getUserList -268  [main] DEBUG com.quincy.mapper.IUserMapper.getUserList  - ==> Parameters: 
[framework] 2020-09-23 09:47:50,859 - com.quincy.mapper.IUserMapper.getUserList -278  [main] DEBUG com.quincy.mapper.IUserMapper.getUserList  - <==      Total: 6
[framework] 2020-09-23 09:47:50,860 - org.apache.ibatis.transaction.jdbc.JdbcTransaction -279  [main] DEBUG org.apache.ibatis.transaction.jdbc.JdbcTransaction  - Resetting autocommit to true on JDBC Connection [com.mysql.jdbc.JDBC4Connection@679b62af]
[framework] 2020-09-23 09:47:50,861 - org.apache.ibatis.transaction.jdbc.JdbcTransaction -280  [main] DEBUG org.apache.ibatis.transaction.jdbc.JdbcTransaction  - Closing JDBC Connection [com.mysql.jdbc.JDBC4Connection@679b62af]
[framework] 2020-09-23 09:47:50,861 - org.apache.ibatis.datasource.pooled.PooledDataSource -280  [main] DEBUG org.apache.ibatis.datasource.pooled.PooledDataSource  - Returned connection 1738236591 to pool.
